[{"line":1,"elements":[{"line":3,"name":"El vendedor inicia sesion","description":"","type":"background","keyword":"Background","steps":[{"result":{"error_message":"org.opentest4j.AssertionFailedError: expected: <true> but was: <false>\r\n\tat org.junit.jupiter.api.AssertionUtils.fail(AssertionUtils.java:55)\r\n\tat org.junit.jupiter.api.AssertTrue.assertTrue(AssertTrue.java:40)\r\n\tat org.junit.jupiter.api.AssertTrue.assertTrue(AssertTrue.java:35)\r\n\tat org.junit.jupiter.api.Assertions.assertTrue(Assertions.java:179)\r\n\tat runner.LoginStepDefinition.elVendedorAbreElAplicativo(LoginStepDefinition.java:15)\r\n\tat âœ½.El vendedor abre el aplicativo(file:///E:/Cursos/DiplomadoTesting-Bolivia/Proyecto-Final-Diplomado-Software-Testing_v3/FlexBusinessMobile-test-ui/src/test/resources/Order.feature:4)\r\n","duration":5419395500,"status":"failed"},"line":4,"name":"El vendedor abre el aplicativo","match":{"location":"runner.LoginStepDefinition.elVendedorAbreElAplicativo()"},"keyword":"Given "},{"result":{"status":"skipped"},"line":5,"name":"El vendedor ingresa sus credenciales \"uniflexqa\" \"vendedor\" \"123\"","match":{"arguments":[{"val":"\"uniflexqa\"","offset":37},{"val":"\"vendedor\"","offset":49},{"val":"\"123\"","offset":60}],"location":"runner.LoginStepDefinition.elVendedorIngresaSusCredenciales(java.lang.String,java.lang.String,java.lang.String)"},"keyword":"When "},{"result":{"status":"skipped"},"line":6,"name":"El vendedor inicia sesion","match":{"location":"runner.LoginStepDefinition.elVendedorIniciaSesion()"},"keyword":"Then "}]},{"start_timestamp":"2023-03-26T20:50:42.155Z","before":[{"result":{"duration":1000400,"status":"passed"},"match":{"location":"runner.Runner.before()"}}],"line":9,"name":"Como vendedor quiero realizar la venta de productos mayores a 30 soles","description":"","id":"order;como-vendedor-quiero-realizar-la-venta-de-productos-mayores-a-30-soles","after":[{"result":{"error_message":"org.openqa.selenium.SessionNotCreatedException: Unable to create a new remote session. Please check the server log for more details. Original error: [BROWSERSTACK_APP_DELETED] The app build specified in the 'app' capability in your test script has been recently deleted. We delete an uploaded app after 30 days from the day of upload. Please upload the app using REST API or BrowserStack CLI and try again. (WARNING: The server did not provide any stacktrace information)\nCommand duration or timeout: 398 milliseconds\nBuild info: version: '3.141.59', revision: 'e82be7d358', time: '2018-11-14T08:17:03'\nSystem info: host: 'DESKTOP-4KAFSOH', ip: '192.168.56.1', os.name: 'Windows 10', os.arch: 'amd64', os.version: '10.0', java.version: '11.0.11'\nDriver info: driver.version: AndroidDriver\nBuild info: version: '3.141.59', revision: 'e82be7d358', time: '2018-11-14T08:17:03'\nSystem info: host: 'DESKTOP-4KAFSOH', ip: '192.168.56.1', os.name: 'Windows 10', os.arch: 'amd64', os.version: '10.0', java.version: '11.0.11'\nDriver info: driver.version: AndroidDriver\r\n\tat io.appium.java_client.remote.AppiumCommandExecutor$1.createSession(AppiumCommandExecutor.java:208)\r\n\tat io.appium.java_client.remote.AppiumCommandExecutor.createSession(AppiumCommandExecutor.java:217)\r\n\tat io.appium.java_client.remote.AppiumCommandExecutor.execute(AppiumCommandExecutor.java:239)\r\n\tat org.openqa.selenium.remote.RemoteWebDriver.execute(RemoteWebDriver.java:552)\r\n\tat io.appium.java_client.DefaultGenericMobileDriver.execute(DefaultGenericMobileDriver.java:42)\r\n\tat io.appium.java_client.AppiumDriver.execute(AppiumDriver.java:1)\r\n\tat io.appium.java_client.android.AndroidDriver.execute(AndroidDriver.java:1)\r\n\tat org.openqa.selenium.remote.RemoteWebDriver.startSession(RemoteWebDriver.java:213)\r\n\tat org.openqa.selenium.remote.RemoteWebDriver.<init>(RemoteWebDriver.java:131)\r\n\tat io.appium.java_client.DefaultGenericMobileDriver.<init>(DefaultGenericMobileDriver.java:38)\r\n\tat io.appium.java_client.AppiumDriver.<init>(AppiumDriver.java:84)\r\n\tat io.appium.java_client.AppiumDriver.<init>(AppiumDriver.java:94)\r\n\tat io.appium.java_client.android.AndroidDriver.<init>(AndroidDriver.java:95)\r\n\tat factoryDevices.AndroidCloud.create(AndroidCloud.java:43)\r\n\tat singletonSession.Session.<init>(Session.java:12)\r\n\tat singletonSession.Session.getInstance(Session.java:18)\r\n\tat runner.Runner.after(Runner.java:24)\r\nCaused by: java.lang.reflect.InvocationTargetException\r\n\tat java.base/jdk.internal.reflect.NativeMethodAccessorImpl.invoke0(Native Method)\r\n\tat java.base/jdk.internal.reflect.NativeMethodAccessorImpl.invoke(NativeMethodAccessorImpl.java:62)\r\n\tat java.base/jdk.internal.reflect.DelegatingMethodAccessorImpl.invoke(DelegatingMethodAccessorImpl.java:43)\r\n\tat java.base/java.lang.reflect.Method.invoke(Method.java:566)\r\n\tat io.appium.java_client.remote.AppiumCommandExecutor$1.createSession(AppiumCommandExecutor.java:186)\r\n\tat io.appium.java_client.remote.AppiumCommandExecutor.createSession(AppiumCommandExecutor.java:217)\r\n\tat io.appium.java_client.remote.AppiumCommandExecutor.execute(AppiumCommandExecutor.java:239)\r\n\tat org.openqa.selenium.remote.RemoteWebDriver.execute(RemoteWebDriver.java:552)\r\n\tat io.appium.java_client.DefaultGenericMobileDriver.execute(DefaultGenericMobileDriver.java:42)\r\n\tat io.appium.java_client.AppiumDriver.execute(AppiumDriver.java:1)\r\n\tat io.appium.java_client.android.AndroidDriver.execute(AndroidDriver.java:1)\r\n\tat org.openqa.selenium.remote.RemoteWebDriver.startSession(RemoteWebDriver.java:213)\r\n\tat org.openqa.selenium.remote.RemoteWebDriver.<init>(RemoteWebDriver.java:131)\r\n\tat io.appium.java_client.DefaultGenericMobileDriver.<init>(DefaultGenericMobileDriver.java:38)\r\n\tat io.appium.java_client.AppiumDriver.<init>(AppiumDriver.java:84)\r\n\tat io.appium.java_client.AppiumDriver.<init>(AppiumDriver.java:94)\r\n\tat io.appium.java_client.android.AndroidDriver.<init>(AndroidDriver.java:95)\r\n\tat factoryDevices.AndroidCloud.create(AndroidCloud.java:43)\r\n\tat singletonSession.Session.<init>(Session.java:12)\r\n\tat singletonSession.Session.getInstance(Session.java:18)\r\n\tat runner.Runner.after(Runner.java:24)\r\n\tat java.base/jdk.internal.reflect.NativeMethodAccessorImpl.invoke0(Native Method)\r\n\tat java.base/jdk.internal.reflect.NativeMethodAccessorImpl.invoke(NativeMethodAccessorImpl.java:62)\r\n\tat java.base/jdk.internal.reflect.DelegatingMethodAccessorImpl.invoke(DelegatingMethodAccessorImpl.java:43)\r\n\tat java.base/java.lang.reflect.Method.invoke(Method.java:566)\r\n\tat io.cucumber.java.Invoker.doInvoke(Invoker.java:66)\r\n\tat io.cucumber.java.Invoker.invoke(Invoker.java:24)\r\n\tat io.cucumber.java.AbstractGlueDefinition.invokeMethod(AbstractGlueDefinition.java:47)\r\n\tat io.cucumber.java.JavaHookDefinition.execute(JavaHookDefinition.java:64)\r\n\tat io.cucumber.core.runner.CoreHookDefinition.execute(CoreHookDefinition.java:46)\r\n\tat io.cucumber.core.runner.HookDefinitionMatch.runStep(HookDefinitionMatch.java:21)\r\n\tat io.cucumber.core.runner.ExecutionMode$1.execute(ExecutionMode.java:10)\r\n\tat io.cucumber.core.runner.TestStep.executeStep(TestStep.java:85)\r\n\tat io.cucumber.core.runner.TestStep.run(TestStep.java:57)\r\n\tat io.cucumber.core.runner.TestCase.run(TestCase.java:90)\r\n\tat io.cucumber.core.runner.Runner.runPickle(Runner.java:75)\r\n\tat io.cucumber.core.runtime.Runtime.lambda$executePickle$6(Runtime.java:128)\r\n\tat io.cucumber.core.runtime.CucumberExecutionContext.lambda$runTestCase$5(CucumberExecutionContext.java:129)\r\n\tat io.cucumber.core.runtime.RethrowingThrowableCollector.executeAndThrow(RethrowingThrowableCollector.java:23)\r\n\tat io.cucumber.core.runtime.CucumberExecutionContext.runTestCase(CucumberExecutionContext.java:129)\r\n\tat io.cucumber.core.runtime.Runtime.lambda$executePickle$7(Runtime.java:128)\r\n\tat java.base/java.util.concurrent.Executors$RunnableAdapter.call(Executors.java:515)\r\n\tat java.base/java.util.concurrent.FutureTask.run(FutureTask.java:264)\r\n\tat io.cucumber.core.runtime.Runtime$SameThreadExecutorService.execute(Runtime.java:249)\r\n\tat java.base/java.util.concurrent.AbstractExecutorService.submit(AbstractExecutorService.java:118)\r\n\tat io.cucumber.core.runtime.Runtime.lambda$runFeatures$3(Runtime.java:110)\r\n\tat java.base/java.util.stream.ReferencePipeline$3$1.accept(ReferencePipeline.java:195)\r\n\tat java.base/java.util.stream.SliceOps$1$1.accept(SliceOps.java:199)\r\n\tat java.base/java.util.ArrayList$ArrayListSpliterator.tryAdvance(ArrayList.java:1632)\r\n\tat java.base/java.util.stream.ReferencePipeline.forEachWithCancel(ReferencePipeline.java:127)\r\n\tat java.base/java.util.stream.AbstractPipeline.copyIntoWithCancel(AbstractPipeline.java:502)\r\n\tat java.base/java.util.stream.AbstractPipeline.copyInto(AbstractPipeline.java:488)\r\n\tat java.base/java.util.stream.AbstractPipeline.wrapAndCopyInto(AbstractPipeline.java:474)\r\n\tat java.base/java.util.stream.ReduceOps$ReduceOp.evaluateSequential(ReduceOps.java:913)\r\n\tat java.base/java.util.stream.AbstractPipeline.evaluate(AbstractPipeline.java:234)\r\n\tat java.base/java.util.stream.ReferencePipeline.collect(ReferencePipeline.java:578)\r\n\tat io.cucumber.core.runtime.Runtime.runFeatures(Runtime.java:111)\r\n\tat io.cucumber.core.runtime.Runtime.lambda$run$0(Runtime.java:82)\r\n\tat io.cucumber.core.runtime.Runtime.execute(Runtime.java:94)\r\n\tat io.cucumber.core.runtime.Runtime.run(Runtime.java:80)\r\n\tat io.cucumber.core.cli.Main.run(Main.java:87)\r\n\tat io.cucumber.core.cli.Main.main(Main.java:30)\r\nCaused by: org.openqa.selenium.WebDriverException: [BROWSERSTACK_APP_DELETED] The app build specified in the 'app' capability in your test script has been recently deleted. We delete an uploaded app after 30 days from the day of upload. Please upload the app using REST API or BrowserStack CLI and try again. (WARNING: The server did not provide any stacktrace information)\nCommand duration or timeout: 398 milliseconds\nBuild info: version: '3.141.59', revision: 'e82be7d358', time: '2018-11-14T08:17:03'\nSystem info: host: 'DESKTOP-4KAFSOH', ip: '192.168.56.1', os.name: 'Windows 10', os.arch: 'amd64', os.version: '10.0', java.version: '11.0.11'\nDriver info: driver.version: AndroidDriver\r\n\tat java.base/jdk.internal.reflect.NativeConstructorAccessorImpl.newInstance0(Native Method)\r\n\tat java.base/jdk.internal.reflect.NativeConstructorAccessorImpl.newInstance(NativeConstructorAccessorImpl.java:62)\r\n\tat java.base/jdk.internal.reflect.DelegatingConstructorAccessorImpl.newInstance(DelegatingConstructorAccessorImpl.java:45)\r\n\tat java.base/java.lang.reflect.Constructor.newInstance(Constructor.java:490)\r\n\tat org.openqa.selenium.remote.ErrorHandler.createThrowable(ErrorHandler.java:214)\r\n\tat org.openqa.selenium.remote.ErrorHandler.throwIfResponseFailed(ErrorHandler.java:166)\r\n\tat org.openqa.selenium.remote.JsonWireProtocolResponse.lambda$errorHandler$0(JsonWireProtocolResponse.java:54)\r\n\tat org.openqa.selenium.remote.HandshakeResponse.lambda$getResponseFunction$0(HandshakeResponse.java:30)\r\n\tat org.openqa.selenium.remote.ProtocolHandshake.lambda$createSession$0(ProtocolHandshake.java:126)\r\n\tat java.base/java.util.stream.ReferencePipeline$3$1.accept(ReferencePipeline.java:195)\r\n\tat java.base/java.util.Spliterators$ArraySpliterator.tryAdvance(Spliterators.java:958)\r\n\tat java.base/java.util.stream.ReferencePipeline.forEachWithCancel(ReferencePipeline.java:127)\r\n\tat java.base/java.util.stream.AbstractPipeline.copyIntoWithCancel(AbstractPipeline.java:502)\r\n\tat java.base/java.util.stream.AbstractPipeline.copyInto(AbstractPipeline.java:488)\r\n\tat java.base/java.util.stream.AbstractPipeline.wrapAndCopyInto(AbstractPipeline.java:474)\r\n\tat java.base/java.util.stream.FindOps$FindOp.evaluateSequential(FindOps.java:150)\r\n\tat java.base/java.util.stream.AbstractPipeline.evaluate(AbstractPipeline.java:234)\r\n\tat java.base/java.util.stream.ReferencePipeline.findFirst(ReferencePipeline.java:543)\r\n\tat org.openqa.selenium.remote.ProtocolHandshake.createSession(ProtocolHandshake.java:128)\r\n\t... 62 more\r\n","duration":477996400,"status":"failed"},"match":{"location":"runner.Runner.after(io.cucumber.java.Scenario)"}}],"type":"scenario","keyword":"Scenario","steps":[{"result":{"status":"skipped"},"line":10,"name":"El vendedor sincroniza la data","match":{"location":"runner.SalesForceOrderCreateStepDefinition.elVendedorSincronizaLaData()"},"keyword":"Given "},{"result":{"duration":1001200,"status":"skipped"},"line":11,"name":"El vendedor selecciona al cliente","match":{"location":"runner.SalesForceOrderCreateStepDefinition.elVendedorSeleccionaAlCliente()"},"keyword":"When "},{"result":{"status":"skipped"},"line":12,"name":"ingresa los productos y sus cantidades \"1\" \"4\"","match":{"arguments":[{"val":"\"1\"","offset":39},{"val":"\"4\"","offset":43}],"location":"runner.SalesForceOrderCreateStepDefinition.ingresaLosProductosYSusCantidades(java.lang.String,java.lang.String)"},"keyword":"And "},{"result":{"status":"skipped"},"line":13,"name":"graba el pedido con el mensaje \"OK\"","match":{"arguments":[{"val":"\"OK\"","offset":31}],"location":"runner.SalesForceOrderCreateStepDefinition.grabaElPedidoConElMensaje(java.lang.String)"},"keyword":"Then "}],"tags":[{"name":"@order"},{"name":"@Complete"},{"name":"@Test"}]}],"name":"Order","description":"","id":"order","keyword":"Feature","uri":"file:src/test/resources/Order.feature","tags":[]}]